<?xml version="1.0" encoding="UTF-8"?>
<testng-results skipped="0" failed="0" total="1" passed="1">
  <reporter-output>
  </reporter-output>
  <suite name="Default suite" duration-ms="24117" started-at="2015-11-02T06:43:21Z" finished-at="2015-11-02T06:43:45Z">
    <groups>
    </groups>
    <test name="Default test" duration-ms="24117" started-at="2015-11-02T06:43:21Z" finished-at="2015-11-02T06:43:45Z">
      <class name="marketplace.LoginPage_7S_UI_TestNG">
        <test-method status="PASS" signature="setUp()[pri:0, instance:marketplace.LoginPage_7S_UI_TestNG@2471cca7]" name="setUp" is-config="true" duration-ms="14281" started-at="2015-11-02T12:13:21Z" finished-at="2015-11-02T12:13:36Z">
          <reporter-output>
          </reporter-output>
        </test-method> <!-- setUp -->
        <test-method status="PASS" signature="testLoginUI()[pri:0, instance:marketplace.LoginPage_7S_UI_TestNG@2471cca7]" name="testLoginUI" duration-ms="8944" started-at="2015-11-02T12:13:36Z" finished-at="2015-11-02T12:13:45Z">
          <reporter-output>
          </reporter-output>
        </test-method> <!-- testLoginUI -->
        <test-method status="PASS" signature="tearDown()[pri:0, instance:marketplace.LoginPage_7S_UI_TestNG@2471cca7]" name="tearDown" is-config="true" duration-ms="880" started-at="2015-11-02T12:13:45Z" finished-at="2015-11-02T12:13:45Z">
          <reporter-output>
          </reporter-output>
        </test-method> <!-- tearDown -->
      </class> <!-- marketplace.LoginPage_7S_UI_TestNG -->
    </test> <!-- Default test -->
  </suite> <!-- Default suite -->
</testng-results>
