<?xml version="1.0" encoding="UTF-8" ?>
<testsuites>
  <testsuite errors="0" failures="0" hostname="IN-MDGTDTS1" id="0" name="Footer_5S_FooterMenuBar" package="marketplace.Header.Footer" skipped="0" tests="1" time="35.521" timestamp="2015-11-12T05:43:51">
      <properties>
[...]
</properties>

      <testcase classname="marketplace.Header.Footer.Footer_5S_FooterMenuBar" name="test" time="32.983" />

      <system-out><![CDATA[]]></system-out>

      <system-err><![CDATA[]]></system-err>

  </testsuite>
  <testsuite errors="0" failures="0" hostname="IN-MDGTDTS1" id="1" name="Header_1S_MorningstarLogo" package="marketplace.Header.Footer" skipped="0" tests="1" time="45.599" timestamp="2015-11-12T05:11:46">
      <properties>
[...]
</properties>

      <testcase classname="marketplace.Header.Footer.Header_1S_MorningstarLogo" name="testLoginUI" time="43.075" />

      <system-out><![CDATA[]]></system-out>

      <system-err><![CDATA[]]></system-err>

  </testsuite>
  <testsuite errors="0" failures="0" hostname="IN-MDGTDTS1" id="2" name="Header_2S_UserAccountInformation" package="marketplace.Header.Footer" skipped="0" tests="1" time="21.091" timestamp="2015-11-12T05:12:32">
      <properties>
[...]
</properties>

      <testcase classname="marketplace.Header.Footer.Header_2S_UserAccountInformation" name="test" time="18.63" />

      <system-out><![CDATA[
]]></system-out>

      <system-err><![CDATA[]]></system-err>

  </testsuite>
  <testsuite errors="0" failures="0" hostname="IN-MDGTDTS1" id="3" name="Header_3S_LogOut" package="marketplace.Header.Footer" skipped="0" tests="1" time="21.769" timestamp="2015-11-12T05:12:53">
      <properties>
[...]
</properties>

      <testcase classname="marketplace.Header.Footer.Header_3S_LogOut" name="test" time="19.228" />

      <system-out><![CDATA[]]></system-out>

      <system-err><![CDATA[]]></system-err>

  </testsuite>
  <testsuite errors="2" failures="0" hostname="IN-MDGTDTS1" id="4" name="Header_4S_MorningstarMarketPlaceLogo" package="marketplace.Header.Footer" skipped="0" tests="1" time="1818.181" timestamp="2015-11-12T05:13:16">
      <properties>
[...]
</properties>

      <testcase classname="marketplace.Header.Footer.Header_4S_MorningstarMarketPlaceLogo" name="test" time="1815.582">
          <error message="Error communicating with the remote browser. It may have died.&#xa;Build info: version: &apos;2.48.2&apos;, revision: &apos;41bccdd&apos;, time: &apos;2015-10-09 19:59:12&apos;&#xa;System info: host: &apos;IN-MDGTDTS1&apos;, ip: &apos;10.90.18.238&apos;, os.name: &apos;Windows 7&apos;, os.arch: &apos;amd64&apos;, os.version: &apos;6.1&apos;, java.version: &apos;1.8.0_60&apos;&#xa;Driver info: driver.version: RemoteWebDriver" type="org.openqa.selenium.remote.UnreachableBrowserException">org.openqa.selenium.remote.UnreachableBrowserException: Error communicating with the remote browser. It may have died.
Build info: version: &apos;2.48.2&apos;, revision: &apos;41bccdd&apos;, time: &apos;2015-10-09 19:59:12&apos;
System info: host: &apos;IN-MDGTDTS1&apos;, ip: &apos;10.90.18.238&apos;, os.name: &apos;Windows 7&apos;, os.arch: &apos;amd64&apos;, os.version: &apos;6.1&apos;, java.version: &apos;1.8.0_60&apos;
Driver info: driver.version: RemoteWebDriver
	at org.openqa.selenium.remote.RemoteWebDriver.execute(RemoteWebDriver.java:641)
	at org.openqa.selenium.remote.RemoteWebDriver.findElement(RemoteWebDriver.java:353)
	at org.openqa.selenium.remote.RemoteWebDriver.findElementById(RemoteWebDriver.java:403)
	at org.openqa.selenium.By$ById.findElement(By.java:218)
	at org.openqa.selenium.remote.RemoteWebDriver.findElement(RemoteWebDriver.java:345)
	at marketplace.Header.Footer.Header_4S_MorningstarMarketPlaceLogo.test(Header_4S_MorningstarMarketPlaceLogo.java:53)
Caused by: org.apache.http.conn.HttpHostConnectException: Connect to 127.0.0.1:7055 [/127.0.0.1] failed: Connection refused: connect
	at org.apache.http.impl.conn.DefaultHttpClientConnectionOperator.connect(DefaultHttpClientConnectionOperator.java:151)
	at org.apache.http.impl.conn.PoolingHttpClientConnectionManager.connect(PoolingHttpClientConnectionManager.java:353)
	at org.apache.http.impl.execchain.MainClientExec.establishRoute(MainClientExec.java:380)
	at org.apache.http.impl.execchain.MainClientExec.execute(MainClientExec.java:236)
	at org.apache.http.impl.execchain.ProtocolExec.execute(ProtocolExec.java:184)
	at org.apache.http.impl.execchain.RetryExec.execute(RetryExec.java:88)
	at org.apache.http.impl.execchain.RedirectExec.execute(RedirectExec.java:110)
	at org.apache.http.impl.client.InternalHttpClient.doExecute(InternalHttpClient.java:184)
	at org.apache.http.impl.client.CloseableHttpClient.execute(CloseableHttpClient.java:71)
	at org.apache.http.impl.client.CloseableHttpClient.execute(CloseableHttpClient.java:55)
	at org.openqa.selenium.remote.internal.ApacheHttpClient.fallBackExecute(ApacheHttpClient.java:143)
	at org.openqa.selenium.remote.internal.ApacheHttpClient.execute(ApacheHttpClient.java:89)
	at org.openqa.selenium.remote.HttpCommandExecutor.execute(HttpCommandExecutor.java:142)
	at org.openqa.selenium.firefox.internal.NewProfileExtensionConnection.execute(NewProfileExtensionConnection.java:170)
	at org.openqa.selenium.firefox.FirefoxDriver$LazyCommandExecutor.execute(FirefoxDriver.java:380)
	at org.openqa.selenium.remote.RemoteWebDriver.execute(RemoteWebDriver.java:620)
Caused by: java.net.ConnectException: Connection refused: connect
	at java.net.DualStackPlainSocketImpl.waitForConnect(Native Method)
	at java.net.DualStackPlainSocketImpl.socketConnect(Unknown Source)
	at java.net.AbstractPlainSocketImpl.doConnect(Unknown Source)
	at java.net.AbstractPlainSocketImpl.connectToAddress(Unknown Source)
	at java.net.AbstractPlainSocketImpl.connect(Unknown Source)
	at java.net.PlainSocketImpl.connect(Unknown Source)
	at java.net.SocksSocketImpl.connect(Unknown Source)
	at java.net.Socket.connect(Unknown Source)
	at org.apache.http.conn.socket.PlainConnectionSocketFactory.connectSocket(PlainConnectionSocketFactory.java:74)
	at org.apache.http.impl.conn.DefaultHttpClientConnectionOperator.connect(DefaultHttpClientConnectionOperator.java:134)
</error>

          <error message="Error communicating with the remote browser. It may have died.&#xa;Build info: version: &apos;2.48.2&apos;, revision: &apos;41bccdd&apos;, time: &apos;2015-10-09 19:59:12&apos;&#xa;System info: host: &apos;IN-MDGTDTS1&apos;, ip: &apos;10.90.18.238&apos;, os.name: &apos;Windows 7&apos;, os.arch: &apos;amd64&apos;, os.version: &apos;6.1&apos;, java.version: &apos;1.8.0_60&apos;&#xa;Driver info: driver.version: RemoteWebDriver" type="org.openqa.selenium.remote.UnreachableBrowserException">org.openqa.selenium.remote.UnreachableBrowserException: Error communicating with the remote browser. It may have died.
Build info: version: &apos;2.48.2&apos;, revision: &apos;41bccdd&apos;, time: &apos;2015-10-09 19:59:12&apos;
System info: host: &apos;IN-MDGTDTS1&apos;, ip: &apos;10.90.18.238&apos;, os.name: &apos;Windows 7&apos;, os.arch: &apos;amd64&apos;, os.version: &apos;6.1&apos;, java.version: &apos;1.8.0_60&apos;
Driver info: driver.version: RemoteWebDriver
	at org.openqa.selenium.remote.RemoteWebDriver.execute(RemoteWebDriver.java:641)
	at org.openqa.selenium.remote.RemoteWebDriver.execute(RemoteWebDriver.java:670)
	at org.openqa.selenium.remote.RemoteWebDriver.quit(RemoteWebDriver.java:516)
	at marketplace.Header.Footer.Header_4S_MorningstarMarketPlaceLogo.tearDown(Header_4S_MorningstarMarketPlaceLogo.java:65)
Caused by: org.apache.http.conn.HttpHostConnectException: Connect to 127.0.0.1:7055 [/127.0.0.1] failed: Connection refused: connect
	at org.apache.http.impl.conn.DefaultHttpClientConnectionOperator.connect(DefaultHttpClientConnectionOperator.java:151)
	at org.apache.http.impl.conn.PoolingHttpClientConnectionManager.connect(PoolingHttpClientConnectionManager.java:353)
	at org.apache.http.impl.execchain.MainClientExec.establishRoute(MainClientExec.java:380)
	at org.apache.http.impl.execchain.MainClientExec.execute(MainClientExec.java:236)
	at org.apache.http.impl.execchain.ProtocolExec.execute(ProtocolExec.java:184)
	at org.apache.http.impl.execchain.RetryExec.execute(RetryExec.java:88)
	at org.apache.http.impl.execchain.RedirectExec.execute(RedirectExec.java:110)
	at org.apache.http.impl.client.InternalHttpClient.doExecute(InternalHttpClient.java:184)
	at org.apache.http.impl.client.CloseableHttpClient.execute(CloseableHttpClient.java:71)
	at org.apache.http.impl.client.CloseableHttpClient.execute(CloseableHttpClient.java:55)
	at org.openqa.selenium.remote.internal.ApacheHttpClient.fallBackExecute(ApacheHttpClient.java:143)
	at org.openqa.selenium.remote.internal.ApacheHttpClient.execute(ApacheHttpClient.java:89)
	at org.openqa.selenium.remote.HttpCommandExecutor.execute(HttpCommandExecutor.java:142)
	at org.openqa.selenium.firefox.internal.NewProfileExtensionConnection.execute(NewProfileExtensionConnection.java:170)
	at org.openqa.selenium.firefox.FirefoxDriver$LazyCommandExecutor.execute(FirefoxDriver.java:380)
	at org.openqa.selenium.remote.RemoteWebDriver.execute(RemoteWebDriver.java:620)
Caused by: java.net.ConnectException: Connection refused: connect
	at java.net.DualStackPlainSocketImpl.waitForConnect(Native Method)
	at java.net.DualStackPlainSocketImpl.socketConnect(Unknown Source)
	at java.net.AbstractPlainSocketImpl.doConnect(Unknown Source)
	at java.net.AbstractPlainSocketImpl.connectToAddress(Unknown Source)
	at java.net.AbstractPlainSocketImpl.connect(Unknown Source)
	at java.net.PlainSocketImpl.connect(Unknown Source)
	at java.net.SocksSocketImpl.connect(Unknown Source)
	at java.net.Socket.connect(Unknown Source)
	at org.apache.http.conn.socket.PlainConnectionSocketFactory.connectSocket(PlainConnectionSocketFactory.java:74)
	at org.apache.http.impl.conn.DefaultHttpClientConnectionOperator.connect(DefaultHttpClientConnectionOperator.java:134)
</error>

      </testcase>

      <system-out><![CDATA[]]></system-out>

      <system-err><![CDATA[]]></system-err>

  </testsuite>
  <testsuite errors="1" failures="0" hostname="IN-MDGTDTS1" id="5" name="LoginPage_7S_UI" package="marketplace" skipped="0" tests="1" time="16.698" timestamp="2015-11-12T05:43:34">
      <properties>
[...]
</properties>

      <testcase classname="marketplace.LoginPage_7S_UI" name="testLoginUI" time="14.116">
          <error message="Cannot find elements when the XPath expression is null." type="java.lang.IllegalArgumentException">java.lang.IllegalArgumentException: Cannot find elements when the XPath expression is null.
	at org.openqa.selenium.By.xpath(By.java:113)
	at marketplace.LoginPage_7S_UI.testLoginUI(LoginPage_7S_UI.java:54)
</error>

      </testcase>

      <system-out><![CDATA[]]></system-out>

      <system-err><![CDATA[]]></system-err>

  </testsuite>
  <testsuite errors="1" failures="0" hostname="IN-MDGTDTS1" id="6" name="LoginPage_7S_UI_TestNG" package="marketplace" skipped="0" tests="1" time="0.158" timestamp="2015-10-28T09:16:49">
      <properties>
[...]
</properties>

      <testcase classname="marketplace.LoginPage_7S_UI_TestNG" name="initializationError" time="0.007">
          <error message="No runnable methods" type="java.lang.Exception">java.lang.Exception: No runnable methods
	at java.lang.reflect.Constructor.newInstance(Unknown Source)
</error>

      </testcase>

      <system-out><![CDATA[]]></system-out>

      <system-err><![CDATA[]]></system-err>

  </testsuite>
</testsuites>
